<?xml version="1.0" encoding="UTF-8"?>
<!-- Generated by org.testng.reporters.JUnitReportReporter -->
<testsuite hostname="DESKTOP-S2REQG0" failures="0" tests="2" name="javaPackage.TestNG7" time="0.009" errors="0" timestamp="2025-07-31T17:04:33 IST" skipped="0">
  <testcase classname="javaPackage.TestNG7" name="f" time="0.001"/>
  <testcase classname="javaPackage.TestNG7" name="e" time="0.008"/>
</testsuite> <!-- javaPackage.TestNG7 -->
