<?xml version="1.0" encoding="UTF-8"?>
<!-- Generated by org.testng.reporters.JUnitReportReporter -->
<testsuite hostname="DESKTOP-S2REQG0" failures="0" tests="2" name="javaPackage.TestNG4" time="0.013" errors="0" timestamp="2025-08-05T12:29:53 IST" skipped="2">
  <testcase classname="javaPackage.TestNG4" name="e" time="0.013">
    <skipped/>
  </testcase> <!-- e -->
  <testcase classname="javaPackage.TestNG4" name="d">
    <skipped/>
  </testcase> <!-- d -->
</testsuite> <!-- javaPackage.TestNG4 -->
