<?xml version="1.0" encoding="UTF-8"?>
<!-- Generated by org.testng.reporters.JUnitReportReporter -->
<testsuite hostname="DESKTOP-S2REQG0" failures="0" tests="4" name="javaPackage.TestNG2" time="0.006" errors="0" timestamp="2025-07-31T16:41:47 IST" skipped="0">
  <testcase classname="javaPackage.TestNG2" name="a1" time="0.001"/>
  <testcase classname="javaPackage.TestNG2" name="a3" time="0.002"/>
  <testcase classname="javaPackage.TestNG2" name="z" time="0.002"/>
  <testcase classname="javaPackage.TestNG2" name="aa" time="0.001"/>
</testsuite> <!-- javaPackage.TestNG2 -->
