<?xml version="1.0" encoding="UTF-8"?>
<!-- Generated by org.testng.reporters.JUnitReportReporter -->
<testsuite hostname="DESKTOP-S2REQG0" failures="0" tests="5" name="javaPackage.TestNG1" time="0.013" errors="0" timestamp="2025-07-31T16:41:47 IST" skipped="0">
  <testcase classname="javaPackage.TestNG1" name="a2" time="0.003"/>
  <testcase classname="javaPackage.TestNG1" name="n" time="0.001"/>
  <testcase classname="javaPackage.TestNG1" name="A1" time="0.003"/>
  <testcase classname="javaPackage.TestNG1" name="b1" time="0.004"/>
  <testcase classname="javaPackage.TestNG1" name="a1" time="0.002"/>
</testsuite> <!-- javaPackage.TestNG1 -->
