<?xml version="1.0" encoding="UTF-8"?>
<!-- Generated by org.testng.reporters.JUnitReportReporter -->
<testsuite hostname="DESKTOP-S2REQG0" failures="0" tests="4" name="javaPackage.TestNG3" time="0.009" errors="0" timestamp="2025-07-31T16:41:47 IST" skipped="0">
  <testcase classname="javaPackage.TestNG3" name="a" time="0.002"/>
  <testcase classname="javaPackage.TestNG3" name="c" time="0.003"/>
  <testcase classname="javaPackage.TestNG3" name="d" time="0.001"/>
  <testcase classname="javaPackage.TestNG3" name="b" time="0.003"/>
</testsuite> <!-- javaPackage.TestNG3 -->
