<?xml version="1.0" encoding="UTF-8"?>
<!-- Generated by org.testng.reporters.JUnitReportReporter -->
<testsuite hostname="DESKTOP-S2REQG0" failures="0" tests="4" name="javaPackage.TestNG5" time="0.011" errors="0" timestamp="2025-07-31T16:41:47 IST" skipped="1">
  <testcase classname="javaPackage.TestNG5" name="c" time="0.002"/>
  <testcase classname="javaPackage.TestNG5" name="c" time="0.002"/>
  <testcase classname="javaPackage.TestNG5" name="a" time="0.007"/>
  <testcase classname="javaPackage.TestNG5" name="b">
    <skipped/>
  </testcase> <!-- b -->
</testsuite> <!-- javaPackage.TestNG5 -->
