<?xml version="1.0" encoding="UTF-8"?>
<!-- Generated by org.testng.reporters.JUnitReportReporter -->
<testsuite hostname="DESKTOP-S2REQG0" failures="0" tests="1" name="javaPackage.Assertion3" time="0.015" errors="0" timestamp="2025-08-05T18:13:43 IST" skipped="0">
  <testcase classname="javaPackage.Assertion3" name="testCase4" time="0.015"/>
</testsuite> <!-- javaPackage.Assertion3 -->
