<?xml version="1.0" encoding="UTF-8"?>
<!-- Generated by org.testng.reporters.JUnitReportReporter -->
<testsuite hostname="DESKTOP-S2REQG0" failures="0" tests="1" name="javaPackage.Assertion1" time="5.368" errors="0" timestamp="2025-08-05T17:58:31 IST" skipped="0">
  <testcase classname="javaPackage.Assertion1" name="testCase1" time="5.368"/>
</testsuite> <!-- javaPackage.Assertion1 -->
